<?xml version='1.0' encoding='utf-8'?>
<testsuite name="tests.OnboardingSmokeTest" tests="3" skipped="0" failures="3" errors="0" timestamp="2026-09-15T16:33:17.758Z" time="52.79">
  <testcase name="Ride options show prices after search" classname="tests.OnboardingSmokeTest" time="20.387">
    <failure message="org.openqa.selenium.TimeoutException: Expected condition failed: waiting for visibility of element located by AppiumBy.id: phone_title (tried for 10 second(s) with 500 milliseconds interval)" type="org.openqa.selenium.TimeoutException">org.openqa.selenium.TimeoutException: Expected condition failed: waiting for visibility of element located by AppiumBy.id: phone_title (tried for 10 second(s) with 500 milliseconds interval)</failure>
  </testcase>
  <testcase name="Full onboarding opens the map" classname="tests.OnboardingSmokeTest" time="15.212">
    <failure message="org.openqa.selenium.TimeoutException: Expected condition failed: waiting for visibility of element located by AppiumBy.id: phone_title (tried for 10 second(s) with 500 milliseconds interval)" type="org.openqa.selenium.TimeoutException">org.openqa.selenium.TimeoutException: Expected condition failed: waiting for visibility of element located by AppiumBy.id: phone_title (tried for 10 second(s) with 500 milliseconds interval)</failure>
  </testcase>
  <testcase name="Wrong OTP shows an error" classname="tests.OnboardingSmokeTest" time="17.097">
    <failure message="org.openqa.selenium.TimeoutException: Expected condition failed: waiting for visibility of element located by AppiumBy.id: phone_title (tried for 10 second(s) with 500 milliseconds interval)" type="org.openqa.selenium.TimeoutException">org.openqa.selenium.TimeoutException: Expected condition failed: waiting for visibility of element located by AppiumBy.id: phone_title (tried for 10 second(s) with 500 milliseconds interval)</failure>
  </testcase>
</testsuite>